<?xml version="1.0" encoding="UTF-8"?>
<testsuite xmlns:xsi="http://www.w3.org/2001/XMLSchema-instance" xsi:noNamespaceSchemaLocation="https://maven.apache.org/surefire/maven-surefire-plugin/xsd/surefire-test-report.xsd" name="api.runner.RegressionRunner" time="24.295" tests="13" errors="0" skipped="0" failures="0">
  <properties>
[...]
</properties>
  <testcase name="runTest[1][1]" classname="api.runner.RegressionRunner" time="7.017"/>
  <testcase name="runTest[2][1]" classname="api.runner.RegressionRunner" time="1.754"/>
  <testcase name="runTest[3][1]" classname="api.runner.RegressionRunner" time="2.264"/>
  <testcase name="runTest[4][1]" classname="api.runner.RegressionRunner" time="0.876"/>
  <testcase name="runTest[5][1]" classname="api.runner.RegressionRunner" time="1.212"/>
  <testcase name="runTest[6][1]" classname="api.runner.RegressionRunner" time="0.399"/>
  <testcase name="runTest[6][2]" classname="api.runner.RegressionRunner" time="0.444"/>
  <testcase name="runTest[6][3]" classname="api.runner.RegressionRunner" time="0.793"/>
  <testcase name="runTest[7][1]" classname="api.runner.RegressionRunner" time="0.717"/>
  <testcase name="runTest[7][2]" classname="api.runner.RegressionRunner" time="1.498"/>
  <testcase name="runTest[7][3]" classname="api.runner.RegressionRunner" time="0.229"/>
  <testcase name="runTest[8][1]" classname="api.runner.RegressionRunner" time="0.57"/>
  <testcase name="runTest[8][2]" classname="api.runner.RegressionRunner" time="1.551"/>
</testsuite>